<?xml version="1.0" encoding="UTF-8"?>
<!-- Generated by org.testng.reporters.JUnitReportReporter -->
<testsuite hostname="DESKTOP-7SIFO9D" failures="0" tests="1" name="test.CardTest" time="0.008" errors="0" timestamp="2022-09-04T09:17:32 IST" skipped="0">
  <testcase classname="test.CardTest" name="CCTest" time="0.008"/>
  <system-out/>
</testsuite> <!-- test.CardTest -->
